<?xml version="1.0" encoding="UTF-8"?>
<!-- Generated by org.testng.reporters.JUnitReportReporter -->
<testsuite hostname="DESKTOP-HNOUVU1" failures="0" tests="1" name="Ijmeet.Practice1" time="4.750" errors="0" timestamp="2021-12-23T13:45:30 IST" skipped="0">
  <testcase classname="Ijmeet.Practice1" name="openBrowser" time="4.750"/>
  <system-out/>
</testsuite> <!-- Ijmeet.Practice1 -->
