<?xml version="1.0" encoding="UTF-8"?>
<!-- Generated by org.testng.reporters.JUnitReportReporter -->
<testsuite hostname="DESKTOP-HNOUVU1" failures="0" tests="3" name="Ijmeet.Ijmeet" time="38.190" errors="0" timestamp="2022-01-07T15:23:31 IST" skipped="0">
  <testcase classname="Ijmeet.Ijmeet" name="SignUp" time="17.644"/>
  <system-out/>
  <testcase classname="Ijmeet.Ijmeet" name="ContactSales" time="10.270"/>
  <system-out/>
  <testcase classname="Ijmeet.Ijmeet" name="JoinMeeting" time="10.276"/>
  <system-out/>
</testsuite> <!-- Ijmeet.Ijmeet -->
