<?xml version="1.0" encoding="UTF-8"?>
<!-- Generated by org.testng.reporters.JUnitReportReporter -->
<testsuite hostname="DESKTOP-HNOUVU1" failures="0" tests="10" name="DataDrivenTesting.DemoData" time="0.029" errors="0" timestamp="2021-12-24T21:28:07 IST" skipped="0">
  <testcase classname="DataDrivenTesting.DemoData" name="m1" time="0.002"/>
  <system-out/>
  <testcase classname="DataDrivenTesting.DemoData" name="m1" time="0.002"/>
  <system-out/>
  <testcase classname="DataDrivenTesting.DemoData" name="m1" time="0.003"/>
  <system-out/>
  <testcase classname="DataDrivenTesting.DemoData" name="m1" time="0.003"/>
  <system-out/>
  <testcase classname="DataDrivenTesting.DemoData" name="m1" time="0.007"/>
  <system-out/>
  <testcase classname="DataDrivenTesting.DemoData" name="m1" time="0.001"/>
  <system-out/>
  <testcase classname="DataDrivenTesting.DemoData" name="m1" time="0.001"/>
  <system-out/>
  <testcase classname="DataDrivenTesting.DemoData" name="m1" time="0.002"/>
  <system-out/>
  <testcase classname="DataDrivenTesting.DemoData" name="m1" time="0.006"/>
  <system-out/>
  <testcase classname="DataDrivenTesting.DemoData" name="m1" time="0.002"/>
  <system-out/>
</testsuite> <!-- DataDrivenTesting.DemoData -->
