<?xml version="1.0" encoding="UTF-8"?>
<!-- Generated by org.testng.reporters.JUnitReportReporter -->
<testsuite hostname="DESKTOP-HNOUVU1" failures="0" tests="1" name="Testing.GoDady" time="4.836" errors="0" timestamp="2021-12-15T23:15:51 IST" skipped="0">
  <testcase classname="Testing.GoDady" name="case2" time="4.836"/>
  <system-out/>
</testsuite> <!-- Testing.GoDady -->
