<?xml version="1.0" encoding="UTF-8"?>
<!-- Generated by org.testng.reporters.JUnitReportReporter -->
<testsuite hostname="DESKTOP-HNOUVU1" failures="0" tests="4" name="DataDrivenTesting.SwagLab" time="25.577" errors="0" timestamp="2021-12-22T21:30:01 IST" skipped="0">
  <testcase classname="DataDrivenTesting.SwagLab" name="loginPage" time="9.833"/>
  <system-out/>
  <testcase classname="DataDrivenTesting.SwagLab" name="loginPage" time="6.480"/>
  <system-out/>
  <testcase classname="DataDrivenTesting.SwagLab" name="loginPage" time="4.626"/>
  <system-out/>
  <testcase classname="DataDrivenTesting.SwagLab" name="loginPage" time="4.638"/>
  <system-out/>
</testsuite> <!-- DataDrivenTesting.SwagLab -->
