<?xml version="1.0" encoding="UTF-8"?>
<!-- Generated by org.testng.reporters.JUnitReportReporter -->
<testsuite hostname="DESKTOP-HNOUVU1" failures="0" tests="2" name="Testing.Test1" time="3.024" errors="0" timestamp="2021-12-19T19:06:04 IST" skipped="0">
  <testcase classname="Testing.Test1" name="m2" time="0.009"/>
  <system-out/>
  <testcase classname="Testing.Test1" name="m1" time="3.015"/>
  <system-out/>
</testsuite> <!-- Testing.Test1 -->
