<?xml version="1.0" encoding="UTF-8"?>
<!-- Generated by org.testng.reporters.JUnitReportReporter -->
<testsuite hostname="DESKTOP-HNOUVU1" failures="0" tests="2" name="Dependancy.HardDependancy" time="0.016" errors="0" timestamp="2021-12-24T11:22:50 IST" skipped="0">
  <testcase classname="Dependancy.HardDependancy" name="m2" time="0.013"/>
  <system-out/>
  <testcase classname="Dependancy.HardDependancy" name="m1" time="0.003"/>
  <system-out/>
</testsuite> <!-- Dependancy.HardDependancy -->
