<?xml version="1.0" encoding="UTF-8"?>
<!-- Generated by org.testng.reporters.JUnitReportReporter -->
<testsuite hostname="DESKTOP-HNOUVU1" failures="0" tests="1" name="Testing.Ijmeet" time="8.414" errors="0" timestamp="2021-12-21T12:38:31 IST" skipped="0">
  <testcase classname="Testing.Ijmeet" name="signIn" time="8.414"/>
  <system-out/>
</testsuite> <!-- Testing.Ijmeet -->
